<?xml version="1.0" encoding="UTF-8"?>
<!-- Generated by org.testng.reporters.JUnitReportReporter -->
<testsuite hostname="LAPTOP-0P2CJNUR" failures="0" tests="2" name="com.firsttest.DataProvider" time="0.020" errors="0" timestamp="2023-01-17T02:11:26 IST" skipped="0">
  <testcase classname="com.firsttest.DataProvider" name="m1" time="0.007"/>
  <system-out/>
  <testcase classname="com.firsttest.DataProvider" name="m1" time="0.013"/>
  <system-out/>
</testsuite> <!-- com.firsttest.DataProvider -->
