<?xml version="1.0" encoding="UTF-8"?>
<!-- Generated by org.testng.reporters.JUnitReportReporter -->
<testsuite hostname="LAPTOP-0P2CJNUR" failures="0" tests="1" name="com.firsttest.Testcase1" time="0.025" errors="0" timestamp="2023-01-03T10:14:51 IST" skipped="0">
  <testcase classname="com.firsttest.Testcase1" name="Hard_assert" time="0.025"/>
  <system-out/>
</testsuite> <!-- com.firsttest.Testcase1 -->
