<?xml version="1.0" encoding="UTF-8"?>
<!-- Generated by org.testng.reporters.JUnitReportReporter -->
<testsuite hostname="LAPTOP-0P2CJNUR" failures="0" tests="1" name="com.firsttest.TestCase5" time="53.894" errors="0" timestamp="2023-01-18T20:02:03 IST" skipped="0">
  <testcase classname="com.firsttest.TestCase5" name="test_APP" time="53.894"/>
  <system-out/>
</testsuite> <!-- com.firsttest.TestCase5 -->
